<?xml version="1.0" encoding="UTF-8"?>
<!-- Generated by org.testng.reporters.JUnitXMLReporter -->
<testsuite ignored="3" hostname="DESKTOP-3CBGDHB" failures="1" tests="1" name="Test" time="0.058" errors="0" timestamp="2023-02-14T23:21:21 EST">
  <testcase classname="com.tekarch.SalesForce.Tc01" name="errorMessageBlankPassword" time="0.0">
    <failure type="org.testng.TestNGException" message="
Cannot inject @Test annotated Method [errorMessageBlankPassword] with [class java.lang.String].
For more information on native dependency injection please refer to https://testng.org/doc/documentation-main.html#native-dependency-injection">
      <![CDATA[org.testng.TestNGException: 
Cannot inject @Test annotated Method [errorMessageBlankPassword] with [class java.lang.String].
For more information on native dependency injection please refer to https://testng.org/doc/documentation-main.html#native-dependency-injection
at java.base/java.util.ArrayList.forEach(ArrayList.java:1541)
... Removed 26 stack frames]]>
    </failure>
  </testcase> <!-- errorMessageBlankPassword -->
  <testcase classname="com.tekarch.SalesForce.Tc01" name="login" time="0.0">
    <ignored/>
  </testcase> <!-- login -->
  <testcase classname="com.tekarch.SalesForce.Tc01" name="validateCheck" time="0.0">
    <ignored/>
  </testcase> <!-- validateCheck -->
  <testcase classname="com.tekarch.SalesForce.Tc01" name="userMenuDropDown" time="0.0">
    <ignored/>
  </testcase> <!-- userMenuDropDown -->
</testsuite> <!-- Test -->
